<?xml version="1.0" encoding="UTF-8"?>
<!-- Generated by org.testng.reporters.JUnitXMLReporter -->
<testsuite ignored="0" hostname="kathia" failures="3" tests="3" name="Addtocart.xml" time="4.693" errors="0" timestamp="2024-09-29T23:34:35 EDT">
  <testcase classname="TestNGClass.Addtocart_Test" name="addtocart" time="0.016">
    <failure type="java.lang.NullPointerException" message="Cannot invoke &amp;quot;org.openqa.selenium.SearchContext.findElement(org.openqa.selenium.By)&amp;quot; because &amp;quot;this.searchContext&amp;quot; is null">
      <![CDATA[java.lang.NullPointerException: Cannot invoke "org.openqa.selenium.SearchContext.findElement(org.openqa.selenium.By)" because "this.searchContext" is null
at org.openqa.selenium.support.pagefactory.DefaultElementLocator.findElement(DefaultElementLocator.java:68)
at org.openqa.selenium.support.pagefactory.internal.LocatingElementHandler.invoke(LocatingElementHandler.java:38)
at jdk.proxy2/jdk.proxy2.$Proxy29.getLocation(Unknown Source)
at utilities.Commons.scrollToElement(Commons.java:153)
at PageObjectModel.Addtocart_Homepage.click_AddtoCart(Addtocart_Homepage.java:48)
at TestNGClass.Addtocart_Test.addtocart(Addtocart_Test.java:17)
at java.base/java.util.ArrayList.forEach(ArrayList.java:1511)
... Removed 27 stack frames]]>
    </failure>
  </testcase> <!-- addtocart -->
  <testcase classname="TestNGClass.Addtocart_Test" name="confirmationmsg" time="0.002">
    <failure type="java.lang.NullPointerException" message="Cannot invoke &amp;quot;org.openqa.selenium.WebDriver.manage()&amp;quot; because &amp;quot;this.driver&amp;quot; is null">
      <![CDATA[java.lang.NullPointerException: Cannot invoke "org.openqa.selenium.WebDriver.manage()" because "this.driver" is null
at utilities.Commons.isElementDisplayed(Commons.java:159)
at PageObjectModel.Addtocart_Homepage.confirmationtmsg(Addtocart_Homepage.java:54)
at TestNGClass.Addtocart_Test.confirmationmsg(Addtocart_Test.java:27)
at java.base/java.util.ArrayList.forEach(ArrayList.java:1511)
... Removed 27 stack frames]]>
    </failure>
  </testcase> <!-- confirmationmsg -->
  <testcase classname="TestNGClass.Addtocart_Test" name="itemsconfirmation" time="0.001">
    <failure type="java.lang.NullPointerException" message="Cannot invoke &amp;quot;org.openqa.selenium.WebDriver.manage()&amp;quot; because &amp;quot;this.driver&amp;quot; is null">
      <![CDATA[java.lang.NullPointerException: Cannot invoke "org.openqa.selenium.WebDriver.manage()" because "this.driver" is null
at utilities.Commons.isElementDisplayed(Commons.java:159)
at PageObjectModel.Addtocart_Homepage.itemsconfirmation(Addtocart_Homepage.java:62)
at TestNGClass.Addtocart_Test.itemsconfirmation(Addtocart_Test.java:37)
at java.base/java.util.ArrayList.forEach(ArrayList.java:1511)
... Removed 27 stack frames]]>
    </failure>
  </testcase> <!-- itemsconfirmation -->
</testsuite> <!-- Addtocart.xml -->
