<?xml version="1.0" encoding="UTF-8"?>
<!-- Generated by org.testng.reporters.JUnitXMLReporter -->
<testsuite ignored="0" hostname="kathia" failures="1" tests="1" name="Test" time="6.245" errors="0" timestamp="2024-09-30T23:38:31 EDT">
  <testcase classname="TestNGClass.Checkout_Test" name="f" time="0.021">
    <failure type="java.lang.NullPointerException" message="Cannot invoke &amp;quot;org.openqa.selenium.WebDriver.manage()&amp;quot; because &amp;quot;this.driver&amp;quot; is null">
      <![CDATA[java.lang.NullPointerException: Cannot invoke "org.openqa.selenium.WebDriver.manage()" because "this.driver" is null
at utilities.Commons.isElementDisplayed(Commons.java:159)
at PageObjectModel.Checkout_homepage.click_ShoppingCart(Checkout_homepage.java:31)
at TestNGClass.Checkout_Test.f(Checkout_Test.java:13)
at java.base/java.util.ArrayList.forEach(ArrayList.java:1511)
... Removed 27 stack frames]]>
    </failure>
  </testcase> <!-- f -->
</testsuite> <!-- Test -->
