<?xml version="1.0" encoding="UTF-8"?>
<!-- Generated by org.testng.reporters.JUnitXMLReporter -->
<testsuite ignored="0" hostname="kathia" failures="0" tests="3" name="Test" time="12.755" errors="0" timestamp="2024-11-02T17:12:28 EDT">
  <testcase classname="TestNG_classes.CheckoutTest" name="LoginToMyAccout" time="1.845"/>
  <testcase classname="TestNG_classes.CheckoutTest" name="click_shopping_card" time="1.69"/>
  <testcase classname="TestNG_classes.CheckoutTest" name="click_checkout" time="2.023"/>
</testsuite> <!-- Test -->
