<?xml version="1.0" encoding="UTF-8"?>
<testng-results ignored="0" total="7" passed="7" failed="0" skipped="0">
  <reporter-output>
  </reporter-output>
  <suite started-at="2024-11-06T13:04:14 EST" name="Suite" finished-at="2024-11-06T13:04:34 EST" duration-ms="19298">
    <groups>
    </groups>
    <test started-at="2024-11-06T13:04:14 EST" name="Test" finished-at="2024-11-06T13:04:34 EST" duration-ms="19298">
      <class name="TestNG_classes.Login">
        <test-method is-config="true" signature="beforeTest()[pri:0, instance:TestNG_classes.Login@5cc5b667]" started-at="2024-11-06T13:04:14 EST" name="beforeTest" finished-at="2024-11-06T13:04:15 EST" duration-ms="152" status="PASS">
          <reporter-output>
          </reporter-output>
        </test-method> <!-- beforeTest -->
        <test-method is-config="true" signature="beforeClass(java.lang.String,java.lang.String)[pri:0, instance:TestNG_classes.Login@5cc5b667]" started-at="2024-11-06T13:04:15 EST" name="beforeClass" finished-at="2024-11-06T13:04:21 EST" duration-ms="6457" status="PASS">
          <params>
            <param index="0">
              <value>
                <![CDATA[chrome]]>
              </value>
            </param>
            <param index="1">
              <value>
                <![CDATA[https://tutorialsninja.com/demo/index.php?route=account/login ]]>
              </value>
            </param>
          </params>
          <reporter-output>
          </reporter-output>
        </test-method> <!-- beforeClass -->
        <test-method signature="loginpage()[pri:1, instance:TestNG_classes.Login@5cc5b667]" started-at="2024-11-06T13:04:21 EST" name="loginpage" finished-at="2024-11-06T13:04:22 EST" duration-ms="698" status="PASS">
          <reporter-output>
          </reporter-output>
        </test-method> <!-- loginpage -->
        <test-method signature="passwordenter()[pri:2, instance:TestNG_classes.Login@5cc5b667]" started-at="2024-11-06T13:04:22 EST" name="passwordenter" finished-at="2024-11-06T13:04:22 EST" duration-ms="424" status="PASS">
          <reporter-output>
          </reporter-output>
        </test-method> <!-- passwordenter -->
        <test-method signature="loginbutton()[pri:3, instance:TestNG_classes.Login@5cc5b667]" started-at="2024-11-06T13:04:22 EST" name="loginbutton" finished-at="2024-11-06T13:04:25 EST" duration-ms="2458" status="PASS">
          <reporter-output>
          </reporter-output>
        </test-method> <!-- loginbutton -->
        <test-method signature="search()[pri:4, instance:TestNG_classes.Login@5cc5b667]" started-at="2024-11-06T13:04:25 EST" name="search" finished-at="2024-11-06T13:04:27 EST" duration-ms="2516" status="PASS">
          <reporter-output>
          </reporter-output>
        </test-method> <!-- search -->
        <test-method signature="click_AddtoCart()[pri:5, instance:TestNG_classes.Login@5cc5b667]" started-at="2024-11-06T13:04:27 EST" name="click_AddtoCart" finished-at="2024-11-06T13:04:29 EST" duration-ms="2271" status="PASS">
          <reporter-output>
          </reporter-output>
        </test-method> <!-- click_AddtoCart -->
        <test-method signature="confirmationmsg()[pri:6, instance:TestNG_classes.Login@5cc5b667]" started-at="2024-11-06T13:04:29 EST" name="confirmationmsg" finished-at="2024-11-06T13:04:31 EST" duration-ms="1276" status="PASS">
          <reporter-output>
          </reporter-output>
        </test-method> <!-- confirmationmsg -->
        <test-method signature="itemsconfirmation()[pri:7, instance:TestNG_classes.Login@5cc5b667]" started-at="2024-11-06T13:04:31 EST" name="itemsconfirmation" finished-at="2024-11-06T13:04:32 EST" duration-ms="1521" status="PASS">
          <reporter-output>
          </reporter-output>
        </test-method> <!-- itemsconfirmation -->
        <test-method is-config="true" signature="afterClass()[pri:0, instance:TestNG_classes.Login@5cc5b667]" started-at="2024-11-06T13:04:32 EST" name="afterClass" finished-at="2024-11-06T13:04:33 EST" duration-ms="276" status="PASS">
          <reporter-output>
          </reporter-output>
        </test-method> <!-- afterClass -->
        <test-method is-config="true" signature="afterTest()[pri:0, instance:TestNG_classes.Login@5cc5b667]" started-at="2024-11-06T13:04:33 EST" name="afterTest" finished-at="2024-11-06T13:04:34 EST" duration-ms="1187" status="PASS">
          <reporter-output>
          </reporter-output>
        </test-method> <!-- afterTest -->
      </class> <!-- TestNG_classes.Login -->
    </test> <!-- Test -->
  </suite> <!-- Suite -->
</testng-results>
